<?xml version="1.0" encoding="UTF-8"?>
<!-- Generated by org.testng.reporters.JUnitXMLReporter -->
<testsuite ignored="0" hostname="DESKTOP-6HLU94O" failures="0" tests="4" name="Casos de Prueba Anotacion" time="0.053" errors="0" timestamp="2024-01-26T11:49:27 ART">
  <testcase classname="com.TestNG.AnotacionesBase" name="pruebaDos" time="0.007"/>
  <testcase classname="com.TestNG.AnotacionesBase" name="pruebaUno" time="0.001"/>
  <testcase classname="com.TestNG.SegundoTest" name="pruebaCuatro" time="0.002"/>
  <testcase classname="com.TestNG.SegundoTest" name="pruebaTres" time="0.002"/>
</testsuite> <!-- Casos de Prueba Anotacion -->
